  Demo.cpp
X:\Programming\C++\Projects\SpartanVectorb\Headers\Vectors.h(184,2): warning C4091: 'static ': ignored on left of 'Vector3Math' when no variable is declared
  Renderer.cpp
C:\Program Files (x86)\Windows Kits\10\Include\10.0.18362.0\shared\minwindef.h(130,1): warning C4005: 'APIENTRY': macro redefinition
X:\Programming\C++\Projects\SpartanVectorb\Dependencies\GL\include\GLFW\glfw3.h(123): message : see previous definition of 'APIENTRY'
X:\Programming\C++\Projects\SpartanVectorb\Headers\Vectors.h(184,2): warning C4091: 'static ': ignored on left of 'Vector3Math' when no variable is declared
X:\Programming\C++\Projects\SpartanVectorb\Src\Renderer.cpp(32,22): warning C4244: 'argument': conversion from 'float' to 'GLint', possible loss of data
X:\Programming\C++\Projects\SpartanVectorb\Src\Renderer.cpp(32,16): warning C4244: 'argument': conversion from 'float' to 'GLint', possible loss of data
  Shader.cpp
X:\Programming\C++\Projects\SpartanVectorb\Headers\Vectors.h(184,2): warning C4091: 'static ': ignored on left of 'Vector3Math' when no variable is declared
  Window.cpp
X:\Programming\C++\Projects\SpartanVectorb\Headers\Vectors.h(184,2): warning C4091: 'static ': ignored on left of 'Vector3Math' when no variable is declared
C:\Program Files (x86)\Windows Kits\10\Include\10.0.18362.0\shared\minwindef.h(130,1): warning C4005: 'APIENTRY': macro redefinition
X:\Programming\C++\Projects\SpartanVectorb\Dependencies\GL\include\GLFW\glfw3.h(123): message : see previous definition of 'APIENTRY'
X:\Programming\C++\Projects\SpartanVectorb\Src\Window.cpp(46,15): warning C4244: '=': conversion from 'double' to 'float', possible loss of data
X:\Programming\C++\Projects\SpartanVectorb\Src\Window.cpp(47,15): warning C4244: '=': conversion from 'double' to 'float', possible loss of data
X:\Programming\C++\Projects\SpartanVectorb\Src\Window.cpp(48,15): warning C4244: '=': conversion from 'double' to 'float', possible loss of data
LINK : warning LNK4098: defaultlib 'LIBCMT' conflicts with use of other libs; use /NODEFAULTLIB:library
  Generating code
  614 of 1371 functions (44.8%) were compiled, the rest were copied from previous compilation.
    2 functions were new in current compilation
    127 functions had inline decision re-evaluated but remain unchanged
  Finished generating code
glew32s.lib(glew.obj) : warning LNK4099: PDB 'vc120.pdb' was not found with 'glew32s.lib(glew.obj)' or at 'X:\Programming\C++\Projects\SpartanVectorb\Release\vc120.pdb'; linking object as if no debug info
  SpartanVector.vcxproj -> X:\Programming\C++\Projects\SpartanVectorb\Release\SpartanVector.exe
